This is pdfTeX, Version 3.1415926-1.40.9 (MiKTeX 2.7) (preloaded format=pdflatex 2009.9.27)  10 MAY 2010 18:55
entering extended mode
**parser.y
(parser.y
LaTeX2e <2005/12/01>
Babel <v3.8l> and hyphenation patterns for english, dumylang, nohyphenation, ge
rman, ngerman, german-x-2008-06-18, ngerman-x-2008-06-18, french, loaded.
! You can't use `macro parameter character #' in vertical mode.
l.2 #
     include <stdio.h>
? 
! Emergency stop.
l.2 #
     include <stdio.h>
End of file on the terminal!

 
Here is how much of TeX's memory you used:
 7 strings out of 95304
 79 string characters out of 1182842
 45021 words of memory out of 1500000
 3306 multiletter control sequences out of 110000
 3640 words of font info for 14 fonts, out of 3000000 for 5000
 14 hyphenation exceptions out of 8191
 5i,0n,1p,30b,8s stack positions out of 5000i,500n,10000p,200000b,50000s
!  ==> Fatal error occurred, no output PDF file produced!
